\BOOKMARK [1][-]{section.1}{\376\377\000I\000n\000t\000r\000o\000d\000u\000c\000t\000i\000o\000n}{}% 1
\BOOKMARK [2][-]{subsection.1.1}{\376\377\000W\000h\000a\000t\000\040\000i\000s\000\040\000x\0008\0006\000\040\000a\000s\000s\000e\000m\000b\000l\000y\000?}{section.1}% 2
\BOOKMARK [2][-]{subsection.1.2}{\376\377\000B\000a\000s\000i\000c\000s\000\040\000o\000f\000\040\000x\0008\0006\000\040\000a\000s\000s\000e\000m\000b\000l\000y}{section.1}% 3
\BOOKMARK [2][-]{subsection.1.3}{\376\377\000I\000n\000t\000e\000l\000\040\000v\000s\000\040\000A\000T\000\046\000T\000\040\000s\000y\000n\000t\000a\000x}{section.1}% 4
\BOOKMARK [1][-]{section.2}{\376\377\000x\0008\0006\000\040\000a\000r\000c\000h\000i\000t\000e\000c\000t\000u\000r\000e}{}% 5
\BOOKMARK [2][-]{subsection.2.1}{\376\377\000B\000r\000a\000n\000c\000h\000\040\000p\000r\000e\000d\000i\000c\000t\000i\000o\000n}{section.2}% 6
\BOOKMARK [2][-]{subsection.2.2}{\376\377\000O\000p\000e\000r\000a\000t\000i\000n\000g\000\040\000m\000o\000d\000e\000s}{section.2}% 7
\BOOKMARK [1][-]{section.3}{\376\377\000M\000e\000m\000o\000r\000y}{}% 8
\BOOKMARK [2][-]{subsection.3.1}{\376\377\000M\000e\000m\000o\000r\000y\000\040\000s\000i\000z\000e\000s\000\040\000a\000n\000d\000\040\000r\000e\000p\000r\000e\000s\000e\000n\000t\000a\000i\000o\000n}{section.3}% 9
\BOOKMARK [2][-]{subsection.3.2}{\376\377\000R\000e\000g\000i\000s\000t\000e\000r\000s}{section.3}% 10
\BOOKMARK [2][-]{subsection.3.3}{\376\377\000F\000l\000a\000g\000s}{section.3}% 11
\BOOKMARK [2][-]{subsection.3.4}{\376\377\000S\000t\000a\000c\000k}{section.3}% 12
\BOOKMARK [2][-]{subsection.3.5}{\376\377\000H\000e\000a\000p}{section.3}% 13
\BOOKMARK [2][-]{subsection.3.6}{\376\377\000C\000o\000d\000e}{section.3}% 14
\BOOKMARK [2][-]{subsection.3.7}{\376\377\000D\000a\000t\000a}{section.3}% 15
\BOOKMARK [2][-]{subsection.3.8}{\376\377\000C\000a\000c\000h\000e}{section.3}% 16
\BOOKMARK [3][-]{subsubsection.3.8.1}{\376\377\000C\000a\000c\000h\000e\000\040\000c\000o\000h\000e\000r\000e\000n\000c\000y\000\040\000p\000r\000o\000t\000o\000c\000o\000l}{subsection.3.8}% 17
\BOOKMARK [3][-]{subsubsection.3.8.2}{\376\377\000C\000a\000c\000h\000e\000\040\000m\000a\000p\000p\000i\000n\000g\000s}{subsection.3.8}% 18
\BOOKMARK [3][-]{subsubsection.3.8.3}{\376\377\000C\000a\000c\000h\000e\000\040\000m\000i\000s\000s\000e\000s}{subsection.3.8}% 19
\BOOKMARK [2][-]{subsection.3.9}{\376\377\000S\000e\000g\000m\000e\000n\000t\000a\000t\000i\000o\000n}{section.3}% 20
\BOOKMARK [3][-]{subsubsection.3.9.1}{\376\377\000R\000e\000a\000l\000\040\000M\000o\000d\000e}{subsection.3.9}% 21
\BOOKMARK [3][-]{subsubsection.3.9.2}{\376\377\000P\000r\000o\000t\000e\000c\000t\000e\000d\000\040\000M\000o\000d\000e}{subsection.3.9}% 22
\BOOKMARK [3][-]{subsubsection.3.9.3}{\376\377\000L\000o\000n\000g\000\040\000M\000o\000d\000e}{subsection.3.9}% 23
\BOOKMARK [3][-]{subsubsection.3.9.4}{\376\377\000S\000e\000g\000m\000e\000n\000t\000\040\000S\000e\000l\000e\000c\000t\000o\000r\000s}{subsection.3.9}% 24
\BOOKMARK [3][-]{subsubsection.3.9.5}{\376\377\000S\000e\000g\000m\000e\000n\000t\000\040\000d\000e\000s\000c\000r\000i\000p\000t\000o\000r\000s}{subsection.3.9}% 25
\BOOKMARK [3][-]{subsubsection.3.9.6}{\376\377\000G\000D\000T\000\040\000-\000\040\000G\000l\000o\000b\000a\000l\000\040\000D\000e\000s\000c\000r\000i\000p\000t\000o\000r\000\040\000T\000a\000b\000l\000e}{subsection.3.9}% 26
\BOOKMARK [3][-]{subsubsection.3.9.7}{\376\377\000s\000e\000g\000m\000e\000n\000t\000s\000,\000\040\000s\000e\000c\000t\000i\000o\000n\000s\000,\000\040\000t\000s\000s\000,\000\040\000s\000y\000s\000c\000a\000l\000l\000s\000,\000\040\000f\000a\000r\000\040\000j\000u\000m\000p\000s}{subsection.3.9}% 27
\BOOKMARK [2][-]{subsection.3.10}{\376\377\000P\000a\000g\000i\000n\000g}{section.3}% 28
\BOOKMARK [3][-]{subsubsection.3.10.1}{\376\377\000S\000t\000u\000f\000f}{subsection.3.10}% 29
\BOOKMARK [3][-]{subsubsection.3.10.2}{\376\377\000E\000n\000a\000b\000l\000i\000n\000g\000\040\000P\000a\000g\000i\000n\000g}{subsection.3.10}% 30
\BOOKMARK [3][-]{subsubsection.3.10.3}{\376\377\000P\000a\000g\000i\000n\000g\000\040\000S\000t\000r\000u\000c\000t\000u\000r\000e}{subsection.3.10}% 31
\BOOKMARK [3][-]{subsubsection.3.10.4}{\376\377\000N\000e\000x\000t\000\040\000s\000e\000c\000t\000i\000o\000n\000\040\000l\000o\000l}{subsection.3.10}% 32
\BOOKMARK [2][-]{subsection.3.11}{\376\377\000M\000e\000m\000o\000r\000y\000\040\000a\000d\000d\000r\000e\000s\000s\000i\000n\000g}{section.3}% 33
\BOOKMARK [1][-]{section.4}{\376\377\000I\000n\000s\000t\000r\000u\000c\000t\000i\000o\000n\000s}{}% 34
\BOOKMARK [1][-]{section.5}{\376\377\000S\000e\000c\000t\000i\000o\000n\000s}{}% 35
\BOOKMARK [2][-]{subsection.5.1}{\376\377\000D\000a\000t\000a\000\040\000s\000e\000c\000t\000i\000o\000n}{section.5}% 36
\BOOKMARK [1][-]{section.6}{\376\377\000I\000n\000t\000e\000r\000r\000u\000p\000t\000s}{}% 37
\BOOKMARK [2][-]{subsection.6.1}{\376\377\000I\000D\000T}{section.6}% 38
\BOOKMARK [2][-]{subsection.6.2}{\376\377\000I\000S\000R}{section.6}% 39
\BOOKMARK [2][-]{subsection.6.3}{\376\377\000B\000I\000O\000S\000\040\000i\000n\000t\000e\000r\000r\000u\000p\000t\000s}{section.6}% 40
\BOOKMARK [2][-]{subsection.6.4}{\376\377\000U\000E\000F\000I\000\040\000i\000n\000t\000e\000r\000r\000u\000p\000t\000s}{section.6}% 41
\BOOKMARK [2][-]{subsection.6.5}{\376\377\000S\000y\000s\000c\000a\000l\000l\000s\000\040\000\050\000o\000n\000\040\000L\000i\000n\000u\000x\000\051}{section.6}% 42
\BOOKMARK [1][-]{section.7}{\376\377\000A\000p\000p\000e\000n\000d\000i\000x}{}% 43
\BOOKMARK [2][-]{subsection.7.1}{\376\377\000B\000a\000s\000h\000\040\000s\000c\000r\000i\000p\000t\000s}{section.7}% 44
\BOOKMARK [2][-]{subsection.7.2}{\376\377\000H\000e\000l\000l\000o\000\040\000w\000o\000r\000l\000d\000\040\000\050\000L\000i\000n\000u\000x\000\051}{section.7}% 45
\BOOKMARK [2][-]{subsection.7.3}{\376\377\000D\000i\000f\000f\000e\000r\000e\000n\000c\000e\000\040\000\050\000L\000i\000n\000u\000x\000\051}{section.7}% 46
\BOOKMARK [2][-]{subsection.7.4}{\376\377\000C\000a\000t\000\040\000\050\000L\000i\000n\000u\000x\000\051}{section.7}% 47
\BOOKMARK [2][-]{subsection.7.5}{\376\377\000H\000e\000l\000l\000o\000\040\000w\000o\000r\000l\000d\000\040\000\050\000B\000a\000r\000e\000m\000e\000t\000a\000l\000\051}{section.7}% 48
